<?xml version="1.0" encoding="UTF-8"?>
<testng-results skipped="0" failed="0" total="3" passed="3">
  <reporter-output>
  </reporter-output>
  <suite name="Suite" duration-ms="27703" started-at="2020-11-24T17:51:24Z" finished-at="2020-11-24T17:51:52Z">
    <groups>
    </groups>
    <test name="Test2" duration-ms="26761" started-at="2020-11-24T17:51:24Z" finished-at="2020-11-24T17:51:51Z">
      <class name="selgrid.AllNodes">
        <test-method status="PASS" signature="method(java.lang.String, java.lang.String)[pri:0, instance:selgrid.AllNodes@3bfdc050]" name="method" duration-ms="26684" started-at="2020-11-24T23:21:24Z" finished-at="2020-11-24T23:21:51Z">
          <params>
            <param index="0">
              <value>
                <![CDATA[http://192.168.31.61:6666/wd/hub]]>
              </value>
            </param>
            <param index="1">
              <value>
                <![CDATA[https://www.instagram.com/]]>
              </value>
            </param>
          </params>
          <reporter-output>
          </reporter-output>
        </test-method> <!-- method -->
      </class> <!-- selgrid.AllNodes -->
    </test> <!-- Test2 -->
    <test name="Test3" duration-ms="27294" started-at="2020-11-24T17:51:24Z" finished-at="2020-11-24T17:51:51Z">
      <class name="selgrid.AllNodes">
        <test-method status="PASS" signature="method(java.lang.String, java.lang.String)[pri:0, instance:selgrid.AllNodes@685cb137]" name="method" duration-ms="27230" started-at="2020-11-24T23:21:24Z" finished-at="2020-11-24T23:21:51Z">
          <params>
            <param index="0">
              <value>
                <![CDATA[http://192.168.31.61:7777/wd/hub]]>
              </value>
            </param>
            <param index="1">
              <value>
                <![CDATA[http://www.gmail.com]]>
              </value>
            </param>
          </params>
          <reporter-output>
          </reporter-output>
        </test-method> <!-- method -->
      </class> <!-- selgrid.AllNodes -->
    </test> <!-- Test3 -->
    <test name="Test1" duration-ms="27703" started-at="2020-11-24T17:51:24Z" finished-at="2020-11-24T17:51:52Z">
      <class name="selgrid.AllNodes">
        <test-method status="PASS" signature="method(java.lang.String, java.lang.String)[pri:0, instance:selgrid.AllNodes@2b98378d]" name="method" duration-ms="27636" started-at="2020-11-24T23:21:24Z" finished-at="2020-11-24T23:21:52Z">
          <params>
            <param index="0">
              <value>
                <![CDATA[http://192.168.31.61:5555/wd/hub]]>
              </value>
            </param>
            <param index="1">
              <value>
                <![CDATA[http://www.facebook.com]]>
              </value>
            </param>
          </params>
          <reporter-output>
          </reporter-output>
        </test-method> <!-- method -->
      </class> <!-- selgrid.AllNodes -->
    </test> <!-- Test1 -->
  </suite> <!-- Suite -->
</testng-results>
